<?xml version="1.0" encoding="UTF-8"?>
<!-- Generated by org.testng.reporters.JUnitReportReporter -->
<testsuite hostname="DESKTOP-6RF1UHU" failures="0" tests="1" name="practice.Demo1" time="3.533" errors="0" timestamp="2024-02-18T18:22:41 IST" skipped="0">
  <testcase classname="practice.Demo1" name="loginWithValidCredentials" time="3.533"/>
</testsuite> <!-- practice.Demo1 -->
