<?xml version="1.0" encoding="UTF-8"?>
<!-- Generated by org.testng.reporters.JUnitReportReporter -->
<testsuite hostname="DESKTOP-6RF1UHU" failures="0" tests="4" name="ignore.Demo_Register" time="0.016" errors="0" timestamp="2024-02-18T18:07:42 IST" skipped="0">
  <testcase classname="ignore.Demo_Register" name="registerWithAllfields" time="0.005"/>
  <testcase classname="ignore.Demo_Register" name="registerWithOnlyMandatoryFields" time="0.002"/>
  <testcase classname="ignore.Demo_Register" name="registerWithOnlyBlankFields" time="0.005"/>
  <testcase classname="ignore.Demo_Register" name="registerWithInvalidEmail" time="0.004"/>
</testsuite> <!-- ignore.Demo_Register -->
