<?xml version="1.0" encoding="UTF-8"?>
<!-- Generated by org.testng.reporters.JUnitReportReporter -->
<testsuite hostname="DESKTOP-6RF1UHU" failures="0" tests="4" name="com.ninja.tutorials.Register" time="11.998" errors="0" timestamp="2024-03-05T18:51:26 IST" skipped="0">
  <testcase classname="com.ninja.tutorials.Register" name="registerWithOnlyMandatoryFields" time="3.089"/>
  <testcase classname="com.ninja.tutorials.Register" name="registerWithAllFields" time="3.162"/>
  <testcase classname="com.ninja.tutorials.Register" name="registerWithExistingEmailAddress" time="2.806"/>
  <testcase classname="com.ninja.tutorials.Register" name="registerWithoutFillingAnyDetails" time="2.941"/>
</testsuite> <!-- com.ninja.tutorials.Register -->
