<?xml version="1.0" encoding="UTF-8"?>
<!-- Generated by org.testng.reporters.JUnitReportReporter -->
<testsuite hostname="DESKTOP-6RF1UHU" failures="0" tests="1" name="practice.dataprovider.Dp" time="7.033" errors="0" timestamp="2024-02-21T15:19:41 IST" skipped="0">
  <testcase classname="practice.dataprovider.Dp" name="dataexcel" time="7.033"/>
</testsuite> <!-- practice.dataprovider.Dp -->
