<?xml version="1.0" encoding="UTF-8"?>
<!-- Generated by org.testng.reporters.JUnitReportReporter -->
<testsuite hostname="DESKTOP-6RF1UHU" failures="0" tests="2" name="practice.dataprovider.Sampledataprovider" time="0.009" errors="0" timestamp="2024-02-20T18:07:27 IST" skipped="0">
  <testcase classname="practice.dataprovider.Sampledataprovider" name="actualmethod" time="0.003"/>
  <testcase classname="practice.dataprovider.Sampledataprovider" name="actualmethod" time="0.006"/>
</testsuite> <!-- practice.dataprovider.Sampledataprovider -->
