<?xml version="1.0" encoding="UTF-8"?>
<!-- Generated by org.testng.reporters.JUnitReportReporter -->
<testsuite hostname="DESKTOP-6RF1UHU" failures="0" tests="7" name="com.ninja.tutorials.Login" time="18.161" errors="0" timestamp="2024-03-05T18:51:26 IST" skipped="0">
  <testcase classname="com.ninja.tutorials.Login" name="loginWithValidCredentials" time="2.686"/>
  <testcase classname="com.ninja.tutorials.Login" name="loginWithValidCredentials" time="2.638"/>
  <testcase classname="com.ninja.tutorials.Login" name="loginWithValidCredentials" time="2.786"/>
  <testcase classname="com.ninja.tutorials.Login" name="loginWithInvalidCredentials" time="2.467"/>
  <testcase classname="com.ninja.tutorials.Login" name="loginWithValidEmailAddressAndInvalidPassword" time="2.544"/>
  <testcase classname="com.ninja.tutorials.Login" name="loginWithInvalidEmailAddressAndValidPassword" time="2.611"/>
  <testcase classname="com.ninja.tutorials.Login" name="LoginWithBlankCredentials" time="2.429"/>
</testsuite> <!-- com.ninja.tutorials.Login -->
