<?xml version="1.0" encoding="UTF-8"?>
<!-- Generated by org.testng.reporters.JUnitReportReporter -->
<testsuite hostname="DESKTOP-6RF1UHU" failures="0" tests="3" name="ignore.Demo_Search" time="0.010" errors="0" timestamp="2024-02-18T18:07:42 IST" skipped="0">
  <testcase classname="ignore.Demo_Search" name="SearchWithValidProductName" time="0.008"/>
  <testcase classname="ignore.Demo_Search" name="SearchWithInvalidProductName" time="0.001"/>
  <testcase classname="ignore.Demo_Search" name="SearchWithBlankValue" time="0.001"/>
</testsuite> <!-- ignore.Demo_Search -->
